2025-08-29 12:26:53,289 - __main__ - INFO - Starting queue executor stub...
2025-08-29 12:26:53,290 - __main__ - INFO - Watching directory: runs/command_queue
2025-08-29 12:26:53,290 - __main__ - INFO - Setups CSV: runs/setups.csv
2025-08-29 12:27:48,293 - __main__ - INFO - Found 1 job file(s) to process
2025-08-29 12:27:48,293 - __main__ - INFO - 🚀 Processing EXECUTE job for setup AUTO-BTCUSDT-4h-SHORT-20250829-0800 requested by MentalNoise
2025-08-29 12:27:48,298 - __main__ - WARNING - Error checking setup skip status: No module named 'src'
2025-08-29 12:27:48,302 - __main__ - INFO - Saved setups CSV with 38 rows
2025-08-29 12:27:48,303 - __main__ - INFO - ✅ Setup AUTO-BTCUSDT-4h-SHORT-20250829-0800 marked as executed
2025-08-29 12:27:48,303 - __main__ - INFO - ✅ Processed and removed job file: runs/command_queue/20250829_122746_exec_AUTO_BTCUSDT_4h_SHORT_20250829_0800_747306a1.json
2025-08-29 12:28:44,306 - __main__ - INFO - Found 1 job file(s) to process
2025-08-29 12:28:44,307 - __main__ - INFO - ❌ Processing CANCEL job for setup MANUAL-ADAUSDT-5m-SHORT-20250822-201002 requested by MentalNoise
2025-08-29 12:28:44,310 - __main__ - WARNING - Error checking setup skip status: No module named 'src'
2025-08-29 12:28:44,313 - __main__ - INFO - Saved setups CSV with 38 rows
2025-08-29 12:28:44,313 - __main__ - INFO - ✅ Setup MANUAL-ADAUSDT-5m-SHORT-20250822-201002 marked as cancelled
2025-08-29 12:28:44,313 - __main__ - INFO - ✅ Processed and removed job file: runs/command_queue/20250829_122839_cancel_MANUAL_ADAUSDT_5m_SHORT_20250822_201002_08ba9d50.json
2025-08-29 16:02:46,048 - __main__ - INFO - Found 1 job file(s) to process
2025-08-29 16:02:46,048 - __main__ - INFO - 🚀 Processing EXECUTE job for setup AUTO-BTCUSDT-4h-SHORT-20250829-1600 requested by MentalNoise
2025-08-29 16:02:46,051 - __main__ - WARNING - Error checking setup skip status: No module named 'src'
2025-08-29 16:02:46,054 - __main__ - INFO - Saved setups CSV with 35 rows
2025-08-29 16:02:46,054 - __main__ - INFO - ✅ Setup AUTO-BTCUSDT-4h-SHORT-20250829-1600 marked as executed
2025-08-29 16:02:46,054 - __main__ - INFO - ✅ Processed and removed job file: runs/command_queue/20250829_160244_exec_AUTO_BTCUSDT_4h_SHORT_20250829_1600_ba7db9e3.json
2025-08-29 16:03:02,055 - __main__ - INFO - Found 1 job file(s) to process
2025-08-29 16:03:02,056 - __main__ - INFO - ❌ Processing CANCEL job for setup AUTO-BTCUSDT-4h-SHORT-20250829-0800 requested by MentalNoise
2025-08-29 16:03:02,059 - __main__ - WARNING - Error checking setup skip status: No module named 'src'
2025-08-29 16:03:02,063 - __main__ - INFO - Saved setups CSV with 35 rows
2025-08-29 16:03:02,063 - __main__ - INFO - ✅ Setup AUTO-BTCUSDT-4h-SHORT-20250829-0800 marked as cancelled
2025-08-29 16:03:02,063 - __main__ - INFO - ✅ Processed and removed job file: runs/command_queue/20250829_160258_cancel_AUTO_BTCUSDT_4h_SHORT_20250829_0800_4d0cf8b2.json
